0 info it worked if it ends with ok
1 verbose cli [ 'node', '/usr/bin/npm', 'install', 'server-static' ]
2 info using npm@2.7.5
3 info using node@v0.10.17
4 verbose node symlink /usr/bin/node
5 verbose readDependencies npm-shrinkwrap.json is overriding dependencies
6 info shrinkwrap file "/home/ubuntu/sites/walking-box/npm-shrinkwrap.json"
7 verbose readDependencies returned deps { browserify: 'http://registry.npmjs.org/browserify/-/browserify-4.2.3.tgz',
7 verbose readDependencies returned deps   'browserify-shim': 'http://registry.npmjs.org/browserify-shim/-/browserify-shim-3.8.2.tgz',
7 verbose readDependencies returned deps   grunt: 'http://registry.npmjs.org/grunt/-/grunt-0.4.5.tgz',
7 verbose readDependencies returned deps   'grunt-browserify': 'http://registry.npmjs.org/grunt-browserify/-/grunt-browserify-2.1.4.tgz',
7 verbose readDependencies returned deps   'grunt-cache-bust': 'http://registry.npmjs.org/grunt-cache-bust/-/grunt-cache-bust-0.3.9.tgz',
7 verbose readDependencies returned deps   'grunt-contrib-clean': 'http://registry.npmjs.org/grunt-contrib-clean/-/grunt-contrib-clean-0.5.0.tgz',
7 verbose readDependencies returned deps   'grunt-contrib-compress': 'http://registry.npmjs.org/grunt-contrib-compress/-/grunt-contrib-compress-0.9.1.tgz',
7 verbose readDependencies returned deps   'grunt-contrib-connect': 'http://registry.npmjs.org/grunt-contrib-connect/-/grunt-contrib-connect-0.7.1.tgz',
7 verbose readDependencies returned deps   'grunt-contrib-copy': 'http://registry.npmjs.org/grunt-contrib-copy/-/grunt-contrib-copy-0.5.0.tgz',
7 verbose readDependencies returned deps   'grunt-contrib-jade': 'http://registry.npmjs.org/grunt-contrib-jade/-/grunt-contrib-jade-0.11.0.tgz',
7 verbose readDependencies returned deps   'grunt-contrib-jshint': 'http://registry.npmjs.org/grunt-contrib-jshint/-/grunt-contrib-jshint-0.10.0.tgz',
7 verbose readDependencies returned deps   'grunt-contrib-stylus': 'http://registry.npmjs.org/grunt-contrib-stylus/-/grunt-contrib-stylus-0.16.0.tgz',
7 verbose readDependencies returned deps   'grunt-contrib-uglify': 'http://registry.npmjs.org/grunt-contrib-uglify/-/grunt-contrib-uglify-0.4.1.tgz',
7 verbose readDependencies returned deps   'grunt-contrib-watch': 'http://registry.npmjs.org/grunt-contrib-watch/-/grunt-contrib-watch-0.6.1.tgz',
7 verbose readDependencies returned deps   'grunt-open': 'http://registry.npmjs.org/grunt-open/-/grunt-open-0.2.3.tgz',
7 verbose readDependencies returned deps   'grunt-pngmin': 'http://registry.npmjs.org/grunt-pngmin/-/grunt-pngmin-0.6.4.tgz',
7 verbose readDependencies returned deps   lodash: 'http://registry.npmjs.org/lodash/-/lodash-2.4.1.tgz' }
8 silly cache add args [ 'server-static', null ]
9 verbose cache add spec server-static
10 silly cache add parsed spec { raw: 'server-static',
10 silly cache add   scope: null,
10 silly cache add   name: 'server-static',
10 silly cache add   rawSpec: '',
10 silly cache add   spec: '*',
10 silly cache add   type: 'range' }
11 verbose addNamed server-static@*
12 silly addNamed semver.valid null
13 silly addNamed semver.validRange *
14 silly addNameRange { name: 'server-static', range: '*', hasData: false }
15 silly mapToRegistry name server-static
16 silly mapToRegistry using default registry
17 silly mapToRegistry registry https://registry.npmjs.org/
18 silly mapToRegistry uri https://registry.npmjs.org/server-static
19 verbose addNameRange registry:https://registry.npmjs.org/server-static not in flight; fetching
20 verbose request uri https://registry.npmjs.org/server-static
21 verbose request no auth needed
22 info attempt registry request try #1 at 00:13:58
23 verbose request id d16e96dace6d67f1
24 http request GET https://registry.npmjs.org/server-static
25 http 404 https://registry.npmjs.org/server-static
26 verbose headers { date: 'Tue, 07 Apr 2015 04:14:01 GMT',
26 verbose headers   server: 'CouchDB/1.5.0 (Erlang OTP/R16B03)',
26 verbose headers   'content-type': 'application/json',
26 verbose headers   'cache-control': 'max-age=0',
26 verbose headers   'content-length': '51',
26 verbose headers   'accept-ranges': 'bytes',
26 verbose headers   via: '1.1 varnish',
26 verbose headers   age: '0',
26 verbose headers   'x-served-by': 'cache-iad2139-IAD',
26 verbose headers   'x-cache': 'MISS',
26 verbose headers   'x-cache-hits': '0',
26 verbose headers   'x-timer': 'S1428380041.845015,VS0,VE64',
26 verbose headers   'keep-alive': 'timeout=10, max=50',
26 verbose headers   connection: 'Keep-Alive' }
27 silly get cb [ 404,
27 silly get   { date: 'Tue, 07 Apr 2015 04:14:01 GMT',
27 silly get     server: 'CouchDB/1.5.0 (Erlang OTP/R16B03)',
27 silly get     'content-type': 'application/json',
27 silly get     'cache-control': 'max-age=0',
27 silly get     'content-length': '51',
27 silly get     'accept-ranges': 'bytes',
27 silly get     via: '1.1 varnish',
27 silly get     age: '0',
27 silly get     'x-served-by': 'cache-iad2139-IAD',
27 silly get     'x-cache': 'MISS',
27 silly get     'x-cache-hits': '0',
27 silly get     'x-timer': 'S1428380041.845015,VS0,VE64',
27 silly get     'keep-alive': 'timeout=10, max=50',
27 silly get     connection: 'Keep-Alive' } ]
28 verbose stack Error: 404 Not Found: server-static
28 verbose stack     at CachingRegistryClient.<anonymous> (/usr/lib/node_modules/npm/node_modules/npm-registry-client/lib/request.js:245:14)
28 verbose stack     at Request._callback (/usr/lib/node_modules/npm/node_modules/npm-registry-client/lib/request.js:170:14)
28 verbose stack     at Request.self.callback (/usr/lib/node_modules/npm/node_modules/request/request.js:360:22)
28 verbose stack     at Request.EventEmitter.emit (events.js:98:17)
28 verbose stack     at Request.<anonymous> (/usr/lib/node_modules/npm/node_modules/request/request.js:1202:14)
28 verbose stack     at Request.EventEmitter.emit (events.js:117:20)
28 verbose stack     at IncomingMessage.<anonymous> (/usr/lib/node_modules/npm/node_modules/request/request.js:1150:12)
28 verbose stack     at IncomingMessage.EventEmitter.emit (events.js:117:20)
28 verbose stack     at _stream_readable.js:920:16
28 verbose stack     at process._tickCallback (node.js:415:13)
29 verbose statusCode 404
30 verbose pkgid server-static
31 verbose cwd /home/ubuntu/sites/walking-box
32 error Linux 3.5.0-54-generic
33 error argv "node" "/usr/bin/npm" "install" "server-static"
34 error node v0.10.17
35 error npm  v2.7.5
36 error code E404
37 error 404 Not Found: server-static
37 error 404
37 error 404 'server-static' is not in the npm registry.
37 error 404 You should bug the author to publish it (or use the name yourself!)
37 error 404 It was specified as a dependency of 'the-walking-box'
37 error 404
37 error 404 Note that you can also install from a
37 error 404 tarball, folder, http url, or git url.
38 verbose exit [ 1, true ]
